<?xml version="1.0" encoding="UTF-8"?>
<!-- Generated by org.testng.reporters.JUnitReportReporter -->
<testsuite hostname="DESKTOP-4Q7NLPG" failures="0" tests="4" name="api.test.UserTest" time="11.089" errors="0" timestamp="2024-02-10T09:41:36 IST" skipped="0">
  <testcase classname="api.test.UserTest" name="testpostuser" time="4.930"/>
  <testcase classname="api.test.UserTest" name="testgetuser" time="1.456"/>
  <testcase classname="api.test.UserTest" name="testUpdateuser" time="3.167"/>
  <testcase classname="api.test.UserTest" name="testDeleteuser" time="1.536"/>
</testsuite> <!-- api.test.UserTest -->
