<?xml version="1.0" encoding="UTF-8"?>
<!-- Generated by org.testng.reporters.JUnitReportReporter -->
<testsuite hostname="DESKTOP-4Q7NLPG" failures="0" tests="4" name="api.test.UserTest" time="9.558" errors="0" timestamp="2024-02-10T13:42:40 IST" skipped="0">
  <testcase classname="api.test.UserTest" name="testpostuser" time="4.726"/>
  <testcase classname="api.test.UserTest" name="testgetuser" time="1.333"/>
  <testcase classname="api.test.UserTest" name="testUpdateuser" time="2.377"/>
  <testcase classname="api.test.UserTest" name="testDeleteuser" time="1.122"/>
</testsuite> <!-- api.test.UserTest -->
